
------------------------------- Free energies ---------------------------------
 Qfep_output  dG*         dG0         dG_lambda  
 rep00/qfep.out       21.96      -56.13      -56.49 
 rep01/qfep.out  None        None            -72.81 
 rep02/qfep.out       12.09      -69.20      -69.45 
 rep03/qfep.out       13.02      -66.85      -67.49 
 rep04/qfep.out  None        None            -75.47 
 rep05/qfep.out       10.42      -72.73      -73.16 
 rep06/qfep.out       17.02      -43.51      -44.08 
 rep07/qfep.out        6.42      -72.42      -72.59 
 rep08/qfep.out       18.33      -61.20      -61.45 
 rep09/qfep.out       14.67      -66.52      -66.82 
 rep10/qfep.out  None        None            -35.93 
 rep11/qfep.out        9.62      -74.32      -74.64 
 rep12/qfep.out       17.32      -61.84      -62.29 
 rep13/qfep.out       13.11      -69.14      -70.40 
 rep14/qfep.out       13.40      -66.59      -67.13 
 rep15/qfep.out       20.39      -10.03      -11.03 
 rep16/qfep.out       20.95      -60.62      -61.38 
 rep17/qfep.out  None        None            -69.34 
 rep18/qfep.out  None        None            -62.59 
 rep19/qfep.out  None        None            -71.47 
 rep20/qfep.out       21.35      -62.05      -62.10 
 rep21/qfep.out       16.00      -53.79      -54.12 
 rep22/qfep.out       10.36      -68.57      -69.03 
 rep23/qfep.out       12.97      -71.35      -71.78 
 rep24/qfep.out  None        None            -66.07 
 rep25/qfep.out       18.79      -55.20      -55.62 
 rep26/qfep.out       15.81      -66.35      -67.24 
 rep27/qfep.out       18.75      -54.94      -55.13 
 rep28/qfep.out        5.55      -75.71      -76.21 
 rep29/qfep.out       13.13      -47.05      -47.14 
 rep30/qfep.out       11.51      -70.26      -70.84 
 rep31/qfep.out        7.08      -80.68      -81.38 
 rep32/qfep.out       10.96      -70.36      -71.36 
 rep33/qfep.out  None        None            -65.39 
 rep34/qfep.out       24.30      -39.61      -40.18 
 rep35/qfep.out       21.10      -55.58      -55.91 
 rep36/qfep.out       26.35      -47.53      -48.20 
 rep37/qfep.out        9.29      -77.55      -78.26 
 rep38/qfep.out       20.91      -60.02      -60.37 
 rep39/qfep.out       21.33      -44.07      -44.51 
 rep40/qfep.out       21.42       -5.27       -5.30 
 rep41/qfep.out       19.85      -58.36      -58.93 
 rep42/qfep.out       13.40      -68.10      -68.89 
 rep43/qfep.out       14.10      -45.29      -45.82 
 rep44/qfep.out       15.55      -64.32      -64.61 
 rep45/qfep.out  None        None            -62.60 
 rep46/qfep.out  None        None            -68.64 
 rep47/qfep.out        6.44      -74.31      -74.69 
 rep48/qfep.out        8.73      -79.51      -80.18 
 rep49/qfep.out  None        None            -39.59 
 rep50/qfep.out       17.67      -67.55      -67.87 
 rep51/qfep.out       24.16      -44.02      -44.56 
 rep52/qfep.out       21.02      -49.68      -50.19 
 rep53/qfep.out        5.16      -75.93      -76.17 
 rep54/qfep.out       17.81      -70.95      -71.39 
 rep55/qfep.out       20.68      -51.97      -52.34 
 rep56/qfep.out        8.62      -73.16      -73.83 
 rep57/qfep.out       18.64       -0.02      -59.94 
 rep58/qfep.out       11.52      -76.92      -77.34 
 rep59/qfep.out       19.16      -62.94      -63.52 
 rep60/qfep.out       15.15      -65.47      -65.90 
 rep61/qfep.out       15.27      -65.68      -66.07 
 rep62/qfep.out       14.41      -69.46      -69.93 
 rep63/qfep.out       13.14      -73.23      -73.52 
 rep64/qfep.out  None        None            -49.90 
 rep65/qfep.out       15.48      -71.37      -71.99 
 rep66/qfep.out       10.53      -67.19      -67.89 
 rep67/qfep.out  None        None            -68.06 
 rep68/qfep.out  None        None            -66.35 
 rep69/qfep.out       20.15      -63.84      -64.27 
 rep70/qfep.out       19.90      -62.42      -62.83 
 rep71/qfep.out       21.17      -52.05      -52.54 
 rep72/qfep.out       18.47      -64.19      -64.95 
 rep73/qfep.out       19.21      -52.85      -53.01 
 rep74/qfep.out        9.53      -77.08      -77.40 
 rep75/qfep.out       21.81      -53.12      -53.64 
 rep76/qfep.out        4.12      -83.09      -83.35 
 rep77/qfep.out       24.27      -52.13      -52.66 
 rep78/qfep.out       16.55      -69.79      -70.34 
 rep79/qfep.out       12.14      -74.22      -74.81 
 rep80/qfep.out       19.35      -52.59      -52.94 
 rep81/qfep.out       11.51      -71.04      -71.32 
 rep82/qfep.out  None        None            -59.76 
 rep83/qfep.out       17.48      -57.97      -58.14 
 rep84/qfep.out       16.50      -67.81      -68.23 
 rep85/qfep.out       16.43      -69.06      -69.44 
 rep86/qfep.out        5.18      -82.62      -83.61 
 rep87/qfep.out       15.20      -65.14      -65.25 
 rep88/qfep.out  None        None            -45.65 
 rep89/qfep.out       78.65        0.03      -55.95 
 rep90/qfep.out  None        None            -75.01 
 rep91/qfep.out       23.45      -56.15      -56.52 
 rep92/qfep.out       11.73      -79.91      -80.45 
 rep93/qfep.out       18.44      -51.44      -51.67 
 rep94/qfep.out       19.96      -63.28      -64.37 
 rep95/qfep.out       15.49      -69.83      -70.27 
 rep96/qfep.out       16.36      -65.77      -66.40 
 rep97/qfep.out       19.38      -29.31      -29.70 
 rep98/qfep.out       17.51      -61.84      -62.03 
 rep99/qfep.out        6.55      -69.67      -70.96 

----------------------------------- SUMMARY -----------------------------------
# Analysed with: QTools/q_analysefeps.py (0.7.0)
# Work dir: /home/hp/nayanika/github/PhD_Thesis/EVB/protein_stepwise/GPX6WT/humansec/1-prep
# Date: Tue Oct  8 21:22:35 2024
# CMDline: /home/hp/nayanika/github/qtools/qscripts-cli/q_analysefeps.py rep00 rep01 rep02 rep03 rep04 rep05 rep06 rep07 rep08 rep09 rep10 rep11 rep12 rep13 rep14 rep15 rep16 rep17 rep18 rep19 rep20 rep21 rep22 rep23 rep24 rep25 rep26 rep27 rep28 rep29 rep30 rep31 rep32 rep33 rep34 rep35 rep36 rep37 rep38 rep39 rep40 rep41 rep42 rep43 rep44 rep45 rep46 rep47 rep48 rep49 rep50 rep51 rep52 rep53 rep54 rep55 rep56 rep57 rep58 rep59 rep60 rep61 rep62 rep63 rep64 rep65 rep66 rep67 rep68 rep69 rep70 rep71 rep72 rep73 rep74 rep75 rep76 rep77 rep78 rep79 rep80 rep81 rep82 rep83 rep84 rep85 rep86 rep87 rep88 rep89 rep90 rep91 rep92 rep93 rep94 rep95 rep96 rep97 rep98 rep99


----- Statistics -----

#                 Mean      Std.dev    Median    Std.error       N
dG*              16.37       8.65      16.36       0.95         83
dG0             -60.85      16.72     -65.47       1.84         83
dG_lambda       -62.60      13.41     -65.98       1.34        100


------- Fails --------

Failed to produce dGa/dG0:
-> rep01/qfep.out: Bad reaction free energy profile - 1 local minima (instead of 2)
-> rep04/qfep.out: Bad reaction free energy profile - 1 local minima (instead of 2)
-> rep10/qfep.out: Bad reaction free energy profile - 1 local minima (instead of 2)
-> rep17/qfep.out: Bad reaction free energy profile - reactants minima: 3, products minima: 0
-> rep18/qfep.out: Bad reaction free energy profile - 1 local minima (instead of 2)
-> rep19/qfep.out: Bad reaction free energy profile - 1 local minima (instead of 2)
-> rep24/qfep.out: Bad reaction free energy profile - 1 local minima (instead of 2)
-> rep33/qfep.out: Bad reaction free energy profile - 1 local minima (instead of 2)
-> rep45/qfep.out: Bad reaction free energy profile - 1 local minima (instead of 2)
-> rep46/qfep.out: Bad reaction free energy profile - 1 local minima (instead of 2)
-> rep49/qfep.out: Bad reaction free energy profile - 1 local minima (instead of 2)
-> rep64/qfep.out: Bad reaction free energy profile - 1 local minima (instead of 2)
-> rep67/qfep.out: Bad reaction free energy profile - 1 local minima (instead of 2)
-> rep68/qfep.out: Bad reaction free energy profile - 1 local minima (instead of 2)
-> rep82/qfep.out: Bad reaction free energy profile - 1 local minima (instead of 2)
-> rep88/qfep.out: Bad reaction free energy profile - 1 local minima (instead of 2)
-> rep90/qfep.out: Bad reaction free energy profile - 1 local minima (instead of 2)
-------------------------------------------------------------------------------

