
Build and version information

Build number 5.10.24
Build date   20240701
Built:       
      by     hp
      on     hp-HP-Pavilion-Gaming-Laptop-15-ec0xxx
      git id 9325b9c29ad62a733df16f540968e33ee6c78260
      with   GNU Fortran Ubuntu 12.3.0-1ubuntu1~23.04 12.3.0
Current date 2025- 9-20 and time 20:46:29

Welcome in qprep modification date 20240701


 Reading input from /home/hp/nayanika/github/GPX6/prep_structures/MOUSE/level3/G102S.inp 

Reading molecular library /home/hp/nayanika/github/GPX6/parameters/qoplsaa.lib

name  atoms  net Q  bonds  rules   imps Q-grps
ALA      10   0.00      9      0      2      3
NAL      12   1.00     11      0      1      3
ALC      12   0.00     11      0      1      3
ARG      24   1.00     23      0      6      4
ARN      23   0.00     22      0      5      5
ASH      13   0.00     12      0      3      3
ASN      14   0.00     13      0      4      5
ASP      12  -1.00     11      0      3      3
CLA       1  -1.00      0      0      0    none, creating default
CYS      11   0.00     10      0      2      3
CYX      10   0.00      9      0      2      3
GLH      16   0.00     15      0      3      4
GLN      17   0.00     16      0      4      6
GLU      15  -1.00     14      0      3      4
GLY       7   0.00      6      0      2      2
NGL       9   1.00      8      0      1      2
GLC       9   0.00      8      0      1      2
HID      17   0.00     17      0      6      3
HIE      17   0.00     17      0      6      3
HIP      18   1.00     18      0      7      3
ILE      19   0.00     18      0      2      6
LEU      19   0.00     18      0      2      6
LYN      21   0.00     20      0      2      6
LYS      22   1.00     21      0      2      6
MET      17  -0.00     16      0      2      4
PHE      20   0.00     20      0      8      8
PRO      14   0.00     14      0      2      4
SER      11  -0.00     10      0      2      3
SOD       1   1.00      0      0      0      1
THR      14  -0.00     13      0      2      4
HOH       3   0.00      3      0      0      1
TRP      24   0.00     25      0     11      8
TYR      21   0.00     21      0      8      8
VAL      16   0.00     15      0      2      5
NME       6  -0.00      5      0      1      1
ACE       6   0.00      5      0      1      2

Accumulated no. of library entries loaded =  36


Reading molecular library /home/hp/nayanika/github/GPX6/parameters/GPX.lib

name  atoms  net Q  bonds  rules   imps Q-grps
PRX       4   0.00      3      0      0      1
SEC      11   0.00     10      0      2      3
SNN      12   0.00     11      0      2      3
SEN      12   0.00     11      0      2      3
GLP      18   1.00     17      0      4      1
SUL      10  -1.00      9      0      2      1

Accumulated no. of library entries loaded =  42


Reading force field parameter file.
Forcefield name:               OPLS-AA
Forcefield type:               AMBER
Lennard-Jones combination rule:GEOMETRIC
Scaling of 1-4 electrostatics: 0.500
Cut-off rule:                  switching atoms
Improper potential:            PERIODIC
Improper generation:           EXPLICIT
Coulomb constant:              332.0716
Read  147 atom types
>>>>> WARNING: No SYBYL name for one or more atom types.
Read    0 atom type alias names
Read    0 LJ type 2 pairs
Read  235 bond types
Read   44 unique bond parameters
>>>>> WARNING: No SYBYL bond type for one or more bond types.
Read  579 angle types
Read   78  unique angle parameters
Read 1756 torsion types
Read  250 unique torsion parameters
Read   77 improper types
Force field parameters successfully read.


>>>WARNING: ignoring unrecognised line in PDB file
END
PDB file contains  1562 atoms.
The number of atoms in the topology will be  3062
molecule    1: PRO     1 - SER   195
molecule    2: PRX   196

Successfully read PDB file with    2 molecules,
  196 residues totally (  196 in solute).
 3062 atoms totally ( 3062 in solute).

Sequence listing:

PRO  GLN  LYS  SER  LYS  VAL  ASP  CYX  ASN  LYS  GLY  VAL  THR  GLY  THR  VAL 
TYR  GLU  TYR  GLY  ALA  ASN  THR  LEU  ASP  GLY  GLY  GLU  PHE  VAL  ASN  PHE 
STOP Qprep terminated
GLN  GLN  TYR  ALA  GLY  LYS  HID  ILE  LEU  PHE  VAL  ASN  VAL  ALA  SER  PHE 
SEC  GLY  LEU  THR  ALA  GLN  TYR  PRO  GLU  LEU  ASN  THR  LEU  GLN  GLU  GLU 
LEU  LYS  PRO  PHE  ASN  VAL  THR  VAL  LEU  GLY  PHE  PRO  CYS  ASN  GLN  PHE 
GLY  LYS  GLN  GLU  PRO  GLY  LYS  ASN  SER  GLU  ILE  LEU  LEU  GLY  LEU  LYS 
TYR  VAL  ARG  PRO  GLY  SER  GLY  TYR  VAL  PRO  ASN  PHE  GLN  LEU  PHE  GLU 
LYS  GLY  ASP  VAL  ASN  GLY  ASP  ASN  GLU  GLN  LYS  VAL  PHE  SER  PHE  LEU 
LYS  ASN  SER  CYX  PRO  PRO  THR  SER  GLU  LEU  PHE  GLY  SER  PRO  GLU  HID 
LEU  PHE  TRP  ASP  PRO  MET  LYS  VAL  HID  ASP  ILE  ARG  TRP  ASN  PHE  GLU 
LYS  PHE  LEU  VAL  GLY  PRO  ASP  GLY  VAL  PRO  VAL  MET  ARG  TRP  PHE  HID 
HID  THR  PRO  VAL  ARG  ILE  VAL  GLN  SER  ASP  ILE  MET  GLU  TYR  LEU  ASN 
GLN  THR  SER  PRX 


Simulation sphere centre                   :     37.914  31.866  49.100
Simulation radius                          :     25.000

Solvation sphere centre                   :     37.914  31.866  49.100
Library entry used to generate solvent  :       HOH 
Radius of solvent sphere                =      25.00 A
Grid spacing                            =       3.10 A 
No. of solvent molecules in the sphere:  2109
Minimum distance to solute heavy atoms:  2.70 A
No. of solvent molecules to add to the system:  1248
Assigned  6806 atom types.
Assigned  6806 atomic charges.
Made      3108 solute bonds.
Made         0 extra bonds.
Made      3744 solvent bonds.
Made      5608 solute angles.
Made      1248 solvent angles.
Made     11386 solute torsions.
Made         0 solvent torsions.
Made       660 solute impropers.
Made         0 solvent impropers.
Made      8194 entries in the 1-4 neighbour list.
Made         1 entries in the long-range 1-4 neighbour list.
Made     13708 entries in list of excluded neighbours.
Made         0 entries in list of long-range excluded neighbours.
>>> WARNING: Positioning of hydrogen   737 bound to atom   736 didn't converge.
Potential is    3.720 kcal/mol.
>>> WARNING: Positioning of hydrogen  1536 bound to atom  1535 didn't converge.
Potential is    3.487 kcal/mol.
>>> WARNING: Positioning of hydrogen  2565 bound to atom  2564 didn't converge.
Potential is    8.266 kcal/mol.
Made      1500 solute hydrogens.
Made      2496 solvent hydrogens.
Made      751 solute  charge groups comprising a total of   2473 atoms.
Made     1248 solvent charge groups comprising a total of   3744 atoms.
Skipped   189excluded charge groups comprising a total of    589 atoms.
Effective water radius                     : 23.98
Topology successfully generated.

---------------------------- Writing topology file ---------------------------
solute atoms                :   3062
solvent atoms               :   3744
solvent mol atoms           :      3
co-ordinates                :  20418
integer atom codes          :   6806
solute bonds                :   3108
solvent bonds               :   3744
bond parameters             :     36
solute angles               :   5608
solvent angles              :   1248
angle parameters            :     57
torsions                    :  11386
torsion parameters          :    194
impropers                   :    660
improper parameters         :     34
charges                     :   6806
total charge of not excluded:  -4.00
charge groups               :   1999
atom type parameters        :    147
polar LJ pairs              :      0
neighbour list              :   8194
long-range neighbour list   :      1
neighbour exclusion list    :  13708
long-range exclusions       :      0
residues                    :   1444
molecules                   :   1250
Atom type names             :    147
SYBYL type information      :    147
excluded atom list          :    589



PDB file successfully written.

