
------------------------------- q_automapper.py -------------------------------
# Path: /home/hp/nayanika/github/qtools/qscripts-cli/q_automapper.py
# CMDline: q_automapper.py 16.4 -69 15. -2 --temp 300 --dirs rep00 rep01 rep02 rep03 rep04 rep05 rep06 rep07 rep08 rep09 rep10 rep11 rep12 rep13 rep14 rep15 rep16 rep17 rep18 rep19 rep20 rep21 rep22 rep23 rep24 rep25 rep26 rep27 rep28 rep29 rep30 rep31 rep32 rep33 rep34 rep35 rep36 rep37 rep38 rep39 rep40 rep41 rep42 rep43 rep44 rep45 rep46 rep47 rep48 rep49 rep50 rep51 rep52 rep53 rep54 rep55 rep56 rep57 rep58 rep59 rep60 rep61 rep62 rep63 rep64 rep65 rep66 rep67 rep68 rep69 rep70 rep71 rep72 rep73 rep74 rep75 rep76 rep77 rep78 rep79 rep80 rep81 rep82 rep83 rep84 rep85 rep86 rep87 rep88 rep89 rep90 rep91 rep92 rep93 rep94 rep95 rep96 rep97 rep98 rep99 --qfep_exec qfep5

------------------------------- Mapping details -------------------------------
# Mapped with: Qtools (0.7.0), Qfep (5.10.24)
# Qfep path: /home/hp/nayanika/github/PhD_Thesis/EVB/protein_stepwise/GPX6WT/mousecys/1-prep/qfep5
# Work dir: /home/hp/nayanika/github/PhD_Thesis/EVB/protein_stepwise/GPX6WT/mousecys/1-prep
# Date: Tue Sep 24 15:40:34 2024

# Parms:
alpha                -12.572553
gap_bins                     50
gas_const          0.0019872041
hij                    12.54631
minpts_bin                   10
points_skip                 100
temperature               300.0

# Directories:
rep00, rep01, rep02, rep03, rep04, rep05, rep06, rep07, rep08, rep09, rep10, rep11, rep12, rep13, rep14, rep15, rep16, rep17, rep18, rep19, rep20, rep21, rep22, rep23, rep24, rep25, rep26, rep27, rep28, rep29, rep30, rep31, rep32, rep33, rep34, rep35, rep36, rep37, rep38, rep39, rep40, rep41, rep42, rep43, rep44, rep45, rep46, rep47, rep48, rep49, rep50, rep51, rep52, rep53, rep54, rep55, rep56, rep57, rep58, rep59, rep60, rep61, rep62, rep63, rep64, rep65, rep66, rep67, rep68, rep69, rep70, rep71, rep72, rep73, rep74, rep75, rep76, rep77, rep78, rep79, rep80, rep81, rep82, rep83, rep84, rep85, rep86, rep87, rep88, rep89, rep90, rep91, rep92, rep93, rep94, rep95, rep96, rep97, rep98, rep99

# Fails:
None
-------------------------------------------------------------------------------

Analysis Stats:
#                 Mean      Std.dev    Median    Std.error       N
dG*              16.40      11.25      14.75       1.32         73
dG0             -69.00      16.70     -73.33       1.95         73
dG_lambda       -71.90      12.17     -74.56       1.22        100

Analysis Fails:
None
